2025-12-18 21:13:51.047 GMT [48] @  LOG:  starting PostgreSQL 15.15 (Debian 15.15-1.pgdg13+1) on x86_64-pc-linux-gnu, compiled by gcc (Debian 14.2.0-19) 14.2.0, 64-bit
2025-12-18 21:13:51.052 GMT [48] @  LOG:  listening on Unix socket "/var/run/postgresql/.s.PGSQL.5432"
2025-12-18 21:13:51.073 GMT [52] @  LOG:  database system was shut down at 2025-12-18 21:13:50 GMT
2025-12-18 21:13:51.081 GMT [48] @  LOG:  database system is ready to accept connections
2025-12-18 21:13:51.306 GMT [48] @  LOG:  received fast shutdown request
2025-12-18 21:13:51.309 GMT [48] @  LOG:  aborting any active transactions
2025-12-18 21:13:51.311 GMT [48] @  LOG:  background worker "logical replication launcher" (PID 55) exited with exit code 1
2025-12-18 21:13:51.312 GMT [50] @  LOG:  shutting down
2025-12-18 21:13:51.316 GMT [50] @  LOG:  checkpoint starting: shutdown immediate
2025-12-18 21:13:51.862 GMT [50] @  LOG:  checkpoint complete: wrote 922 buffers (5.6%); 0 WAL file(s) added, 0 removed, 0 recycled; write=0.036 s, sync=0.490 s, total=0.551 s; sync files=301, longest=0.005 s, average=0.002 s; distance=4239 kB, estimate=4239 kB
2025-12-18 21:13:51.886 GMT [48] @  LOG:  database system is shut down
2025-12-18 21:13:51.949 GMT [1] @  LOG:  starting PostgreSQL 15.15 (Debian 15.15-1.pgdg13+1) on x86_64-pc-linux-gnu, compiled by gcc (Debian 14.2.0-19) 14.2.0, 64-bit
2025-12-18 21:13:51.952 GMT [1] @  LOG:  listening on IPv4 address "0.0.0.0", port 5432
2025-12-18 21:13:51.952 GMT [1] @  LOG:  listening on IPv6 address "::", port 5432
2025-12-18 21:13:51.969 GMT [1] @  LOG:  listening on Unix socket "/var/run/postgresql/.s.PGSQL.5432"
2025-12-18 21:13:51.983 GMT [66] @  LOG:  database system was shut down at 2025-12-18 21:13:51 GMT
2025-12-18 21:13:51.994 GMT [1] @  LOG:  database system is ready to accept connections
2025-12-18 21:18:51.635 GMT [64] @  LOG:  checkpoint starting: time
2025-12-18 21:19:19.307 GMT [64] @  LOG:  checkpoint complete: wrote 283 buffers (1.7%); 0 WAL file(s) added, 0 removed, 0 recycled; write=27.491 s, sync=0.166 s, total=27.672 s; sync files=182, longest=0.003 s, average=0.001 s; distance=1391 kB, estimate=1391 kB
2025-12-18 21:33:51.840 GMT [64] @  LOG:  checkpoint starting: time
2025-12-18 21:33:56.089 GMT [64] @  LOG:  checkpoint complete: wrote 42 buffers (0.3%); 0 WAL file(s) added, 0 removed, 0 recycled; write=4.162 s, sync=0.072 s, total=4.250 s; sync files=19, longest=0.025 s, average=0.004 s; distance=129 kB, estimate=1265 kB
2025-12-18 22:16:03.781 GMT [6323] postgres@vk 172.19.0.1(38260) FATAL:  password authentication failed for user "postgres"
2025-12-18 22:16:03.781 GMT [6323] postgres@vk 172.19.0.1(38260) DETAIL:  Connection matched pg_hba.conf line 100: "host all all all scram-sha-256"
