2025-12-19 00:45:45.348 GMT [48] @  LOG:  starting PostgreSQL 15.15 (Debian 15.15-1.pgdg13+1) on x86_64-pc-linux-gnu, compiled by gcc (Debian 14.2.0-19) 14.2.0, 64-bit
2025-12-19 00:45:45.355 GMT [48] @  LOG:  listening on Unix socket "/var/run/postgresql/.s.PGSQL.5432"
2025-12-19 00:45:45.369 GMT [52] @  LOG:  database system was shut down at 2025-12-19 00:45:43 GMT
2025-12-19 00:45:45.380 GMT [48] @  LOG:  database system is ready to accept connections
2025-12-19 00:45:45.600 GMT [48] @  LOG:  received fast shutdown request
2025-12-19 00:45:45.605 GMT [48] @  LOG:  aborting any active transactions
2025-12-19 00:45:45.607 GMT [48] @  LOG:  background worker "logical replication launcher" (PID 55) exited with exit code 1
2025-12-19 00:45:45.608 GMT [50] @  LOG:  shutting down
2025-12-19 00:45:45.612 GMT [50] @  LOG:  checkpoint starting: shutdown immediate
2025-12-19 00:45:46.179 GMT [50] @  LOG:  checkpoint complete: wrote 922 buffers (5.6%); 0 WAL file(s) added, 0 removed, 0 recycled; write=0.032 s, sync=0.520 s, total=0.572 s; sync files=301, longest=0.008 s, average=0.002 s; distance=4239 kB, estimate=4239 kB
2025-12-19 00:45:46.209 GMT [48] @  LOG:  database system is shut down
2025-12-19 00:45:46.345 GMT [1] @  LOG:  starting PostgreSQL 15.15 (Debian 15.15-1.pgdg13+1) on x86_64-pc-linux-gnu, compiled by gcc (Debian 14.2.0-19) 14.2.0, 64-bit
2025-12-19 00:45:46.345 GMT [1] @  LOG:  listening on IPv4 address "0.0.0.0", port 5432
2025-12-19 00:45:46.345 GMT [1] @  LOG:  listening on IPv6 address "::", port 5432
2025-12-19 00:45:46.356 GMT [1] @  LOG:  listening on Unix socket "/var/run/postgresql/.s.PGSQL.5432"
2025-12-19 00:45:46.369 GMT [66] @  LOG:  database system was shut down at 2025-12-19 00:45:46 GMT
2025-12-19 00:45:46.378 GMT [1] @  LOG:  database system is ready to accept connections
2025-12-19 00:50:46.405 GMT [64] @  LOG:  checkpoint starting: time
2025-12-19 00:51:46.552 GMT [64] @  LOG:  checkpoint complete: wrote 633 buffers (3.9%); 1 WAL file(s) added, 0 removed, 0 recycled; write=59.930 s, sync=0.174 s, total=60.148 s; sync files=188, longest=0.003 s, average=0.001 s; distance=5016 kB, estimate=5016 kB
2025-12-19 00:55:46.559 GMT [64] @  LOG:  checkpoint starting: time
2025-12-19 00:56:18.923 GMT [64] @  LOG:  checkpoint complete: wrote 355 buffers (2.2%); 0 WAL file(s) added, 0 removed, 1 recycled; write=32.318 s, sync=0.028 s, total=32.365 s; sync files=28, longest=0.003 s, average=0.001 s; distance=2022 kB, estimate=4716 kB
2025-12-19 01:10:59.291 GMT [1] @  LOG:  received fast shutdown request
2025-12-19 01:10:59.295 GMT [1] @  LOG:  aborting any active transactions
2025-12-19 01:10:59.297 GMT [1] @  LOG:  background worker "logical replication launcher" (PID 69) exited with exit code 1
2025-12-19 01:10:59.297 GMT [64] @  LOG:  shutting down
2025-12-19 01:10:59.301 GMT [64] @  LOG:  checkpoint starting: shutdown immediate
2025-12-19 01:10:59.321 GMT [64] @  LOG:  checkpoint complete: wrote 0 buffers (0.0%); 0 WAL file(s) added, 0 removed, 0 recycled; write=0.001 s, sync=0.001 s, total=0.024 s; sync files=0, longest=0.000 s, average=0.000 s; distance=0 kB, estimate=4244 kB
2025-12-19 01:10:59.338 GMT [1] @  LOG:  database system is shut down
2025-12-19 01:14:16.019 GMT [49] @  LOG:  starting PostgreSQL 16.11 (Debian 16.11-1.pgdg13+1) on x86_64-pc-linux-gnu, compiled by gcc (Debian 14.2.0-19) 14.2.0, 64-bit
2025-12-19 01:14:16.022 GMT [49] @  LOG:  listening on Unix socket "/var/run/postgresql/.s.PGSQL.5432"
2025-12-19 01:14:16.037 GMT [53] @  LOG:  database system was shut down at 2025-12-19 01:14:14 GMT
2025-12-19 01:14:16.046 GMT [49] @  LOG:  database system is ready to accept connections
2025-12-19 01:14:16.270 GMT [49] @  LOG:  received fast shutdown request
2025-12-19 01:14:16.274 GMT [49] @  LOG:  aborting any active transactions
2025-12-19 01:14:16.276 GMT [49] @  LOG:  background worker "logical replication launcher" (PID 56) exited with exit code 1
2025-12-19 01:14:16.276 GMT [51] @  LOG:  shutting down
2025-12-19 01:14:16.280 GMT [51] @  LOG:  checkpoint starting: shutdown immediate
2025-12-19 01:14:16.852 GMT [51] @  LOG:  checkpoint complete: wrote 926 buffers (5.7%); 0 WAL file(s) added, 0 removed, 0 recycled; write=0.038 s, sync=0.507 s, total=0.576 s; sync files=301, longest=0.005 s, average=0.002 s; distance=4273 kB, estimate=4273 kB; lsn=0/191F0D8, redo lsn=0/191F0D8
2025-12-19 01:14:16.880 GMT [49] @  LOG:  database system is shut down
2025-12-19 01:14:17.014 GMT [1] @  LOG:  starting PostgreSQL 16.11 (Debian 16.11-1.pgdg13+1) on x86_64-pc-linux-gnu, compiled by gcc (Debian 14.2.0-19) 14.2.0, 64-bit
2025-12-19 01:14:17.014 GMT [1] @  LOG:  listening on IPv4 address "0.0.0.0", port 5432
2025-12-19 01:14:17.015 GMT [1] @  LOG:  listening on IPv6 address "::", port 5432
2025-12-19 01:14:17.027 GMT [1] @  LOG:  listening on Unix socket "/var/run/postgresql/.s.PGSQL.5432"
2025-12-19 01:14:17.041 GMT [67] @  LOG:  database system was shut down at 2025-12-19 01:14:16 GMT
2025-12-19 01:14:17.050 GMT [1] @  LOG:  database system is ready to accept connections
2025-12-19 01:14:48.801 GMT [1] @  LOG:  received fast shutdown request
2025-12-19 01:14:48.808 GMT [1] @  LOG:  aborting any active transactions
2025-12-19 01:14:48.810 GMT [1] @  LOG:  background worker "logical replication launcher" (PID 70) exited with exit code 1
2025-12-19 01:14:48.811 GMT [65] @  LOG:  shutting down
2025-12-19 01:14:48.814 GMT [65] @  LOG:  checkpoint starting: shutdown immediate
2025-12-19 01:14:49.013 GMT [65] @  LOG:  checkpoint complete: wrote 242 buffers (1.5%); 0 WAL file(s) added, 0 removed, 0 recycled; write=0.010 s, sync=0.174 s, total=0.202 s; sync files=174, longest=0.004 s, average=0.001 s; distance=1217 kB, estimate=1217 kB; lsn=0/1A4F660, redo lsn=0/1A4F660
2025-12-19 01:14:49.028 GMT [1] @  LOG:  database system is shut down
