mode: set
project/internal/handler/JSONHelper.go:18.78,25.17 3 1
project/internal/handler/JSONHelper.go:25.17,27.3 1 0
project/internal/handler/JSONHelper.go:30.54,33.2 2 1
project/internal/handler/JSONHelper.go:35.87,38.56 2 1
project/internal/handler/JSONHelper.go:38.56,42.3 3 0
project/internal/handler/JSONHelper.go:43.2,43.12 1 1
project/internal/handler/JSONHelper.go:46.68,48.2 1 0
project/internal/handler/auth.go:18.89,23.2 1 0
project/internal/handler/auth.go:25.78,27.16 2 0
project/internal/handler/auth.go:27.16,30.3 2 0
project/internal/handler/auth.go:31.2,33.21 2 0
project/internal/handler/auth.go:49.83,52.16 3 0
project/internal/handler/auth.go:52.16,55.3 2 0
project/internal/handler/auth.go:56.2,57.16 2 0
project/internal/handler/auth.go:57.16,60.3 2 0
project/internal/handler/auth.go:62.2,66.55 2 0
project/internal/handler/auth.go:66.55,68.3 1 0
project/internal/handler/auth.go:69.2,69.62 1 0
project/internal/handler/auth.go:72.94,74.16 2 0
project/internal/handler/auth.go:74.16,76.3 1 0
project/internal/handler/auth.go:77.2,94.12 5 0
project/internal/handler/auth.go:108.71,110.61 2 0
project/internal/handler/auth.go:110.61,114.3 3 0
project/internal/handler/auth.go:115.2,116.16 2 0
project/internal/handler/auth.go:116.16,119.3 2 0
project/internal/handler/auth.go:121.2,122.16 2 0
project/internal/handler/auth.go:122.16,125.3 2 0
project/internal/handler/auth.go:127.2,128.83 2 0
project/internal/handler/auth.go:140.72,143.16 2 0
project/internal/handler/auth.go:143.16,147.3 3 0
project/internal/handler/auth.go:148.2,149.16 2 0
project/internal/handler/auth.go:149.16,152.3 2 0
project/internal/handler/auth.go:154.2,174.58 7 0
project/internal/handler/auth.go:189.74,191.61 2 0
project/internal/handler/auth.go:191.61,195.3 3 0
project/internal/handler/auth.go:196.2,197.16 2 0
project/internal/handler/auth.go:197.16,200.3 2 0
project/internal/handler/auth.go:202.2,203.16 2 0
project/internal/handler/auth.go:203.16,206.3 2 0
project/internal/handler/auth.go:208.2,209.104 2 0
project/internal/handler/chat.go:18.66,22.2 1 0
project/internal/handler/chat.go:39.89,43.16 4 0
project/internal/handler/chat.go:43.16,47.3 3 0
project/internal/handler/chat.go:48.2,51.16 3 0
project/internal/handler/chat.go:51.16,54.3 2 0
project/internal/handler/chat.go:56.2,57.82 2 0
project/internal/handler/chat.go:57.82,59.3 1 0
project/internal/handler/chat.go:61.2,61.129 1 0
project/internal/handler/chat.go:77.85,81.16 4 0
project/internal/handler/chat.go:81.16,85.3 3 0
project/internal/handler/chat.go:87.2,90.76 3 0
project/internal/handler/chat.go:90.76,94.3 3 0
project/internal/handler/chat.go:96.2,97.16 2 0
project/internal/handler/chat.go:97.16,99.3 1 0
project/internal/handler/chat.go:101.2,101.71 1 0
project/internal/handler/chat.go:101.71,104.3 2 0
project/internal/handler/chat.go:106.2,106.164 1 0
project/internal/handler/chat.go:125.79,129.16 4 0
project/internal/handler/chat.go:129.16,133.3 3 0
project/internal/handler/chat.go:135.2,136.65 2 0
project/internal/handler/chat.go:136.65,140.3 3 0
project/internal/handler/chat.go:142.2,145.16 3 0
project/internal/handler/chat.go:145.16,147.3 1 0
project/internal/handler/chat.go:149.2,150.16 2 0
project/internal/handler/chat.go:150.16,152.3 1 0
project/internal/handler/chat.go:171.78,175.76 3 0
project/internal/handler/chat.go:175.76,179.3 3 0
project/internal/handler/chat.go:181.2,182.16 2 0
project/internal/handler/chat.go:182.16,184.3 1 0
project/internal/handler/chat.go:186.2,187.16 2 0
project/internal/handler/chat.go:187.16,189.3 1 0
project/internal/handler/friend.go:18.74,22.2 1 0
project/internal/handler/friend.go:44.83,47.16 3 1
project/internal/handler/friend.go:47.16,51.3 3 1
project/internal/handler/friend.go:53.2,54.9 2 1
project/internal/handler/friend.go:54.9,58.3 3 1
project/internal/handler/friend.go:60.2,61.16 2 1
project/internal/handler/friend.go:61.16,64.3 2 1
project/internal/handler/friend.go:66.2,66.62 1 1
project/internal/handler/friend.go:82.85,85.16 3 1
project/internal/handler/friend.go:85.16,89.3 3 1
project/internal/handler/friend.go:91.2,92.9 2 1
project/internal/handler/friend.go:92.9,96.3 3 1
project/internal/handler/friend.go:98.2,99.16 2 1
project/internal/handler/friend.go:99.16,102.3 2 1
project/internal/handler/friend.go:104.2,104.66 1 1
project/internal/handler/friend.go:120.85,123.16 3 1
project/internal/handler/friend.go:123.16,127.3 3 1
project/internal/handler/friend.go:129.2,130.9 2 1
project/internal/handler/friend.go:130.9,134.3 3 1
project/internal/handler/friend.go:136.2,137.16 2 1
project/internal/handler/friend.go:137.16,140.3 2 1
project/internal/handler/friend.go:142.2,142.66 1 1
project/internal/handler/friend.go:158.78,161.16 3 1
project/internal/handler/friend.go:161.16,165.3 3 1
project/internal/handler/friend.go:167.2,168.9 2 1
project/internal/handler/friend.go:168.9,172.3 3 1
project/internal/handler/friend.go:174.2,175.16 2 1
project/internal/handler/friend.go:175.16,178.3 2 1
project/internal/handler/friend.go:180.2,180.58 1 1
project/internal/handler/friend.go:195.76,197.76 2 1
project/internal/handler/friend.go:197.76,201.3 3 1
project/internal/handler/friend.go:203.2,204.9 2 1
project/internal/handler/friend.go:204.9,208.3 3 1
project/internal/handler/friend.go:210.2,211.16 2 1
project/internal/handler/friend.go:211.16,214.3 2 1
project/internal/handler/friend.go:216.2,216.62 1 1
project/internal/handler/friend.go:216.62,218.3 1 0
project/internal/handler/friend.go:233.77,235.76 2 1
project/internal/handler/friend.go:235.76,239.3 3 0
project/internal/handler/friend.go:241.2,242.9 2 1
project/internal/handler/friend.go:242.9,246.3 3 1
project/internal/handler/friend.go:248.2,249.16 2 1
project/internal/handler/friend.go:249.16,252.3 2 1
project/internal/handler/friend.go:254.2,254.60 1 1
project/internal/handler/friend.go:254.60,256.3 1 0
project/internal/handler/friend.go:271.83,273.76 2 1
project/internal/handler/friend.go:273.76,277.3 3 0
project/internal/handler/friend.go:279.2,280.9 2 1
project/internal/handler/friend.go:280.9,284.3 3 1
project/internal/handler/friend.go:286.2,287.16 2 1
project/internal/handler/friend.go:287.16,290.3 2 1
project/internal/handler/friend.go:292.2,292.63 1 1
project/internal/handler/friend.go:292.63,294.3 1 0
project/internal/handler/friend.go:309.81,311.76 2 1
project/internal/handler/friend.go:311.76,315.3 3 0
project/internal/handler/friend.go:317.2,318.9 2 1
project/internal/handler/friend.go:318.9,322.3 3 1
project/internal/handler/friend.go:324.2,325.16 2 1
project/internal/handler/friend.go:325.16,328.3 2 1
project/internal/handler/friend.go:330.2,330.63 1 1
project/internal/handler/friend.go:330.63,332.3 1 0
project/internal/handler/friend.go:346.85,349.16 3 1
project/internal/handler/friend.go:349.16,353.3 3 1
project/internal/handler/friend.go:355.2,356.9 2 1
project/internal/handler/friend.go:356.9,360.3 3 1
project/internal/handler/friend.go:362.2,363.16 2 1
project/internal/handler/friend.go:363.16,366.3 2 1
project/internal/handler/friend.go:368.2,372.63 2 1
project/internal/handler/friend.go:372.63,374.3 1 0
project/internal/handler/friend.go:390.84,393.16 3 1
project/internal/handler/friend.go:393.16,397.3 3 1
project/internal/handler/friend.go:400.2,401.24 2 1
project/internal/handler/friend.go:401.24,403.3 1 1
project/internal/handler/friend.go:405.2,408.16 3 1
project/internal/handler/friend.go:408.16,411.3 2 1
project/internal/handler/friend.go:413.2,419.63 2 1
project/internal/handler/friend.go:419.63,421.3 1 0
project/internal/handler/middleware.go:23.69,27.2 1 0
project/internal/handler/middleware.go:29.78,30.71 1 0
project/internal/handler/middleware.go:30.71,36.28 5 0
project/internal/handler/middleware.go:36.28,39.4 2 0
project/internal/handler/middleware.go:41.3,41.23 1 0
project/internal/handler/middleware.go:45.80,46.71 1 0
project/internal/handler/middleware.go:46.71,55.3 7 0
project/internal/handler/middleware.go:69.72,70.71 1 0
project/internal/handler/middleware.go:70.71,71.37 1 0
project/internal/handler/middleware.go:71.37,74.4 2 0
project/internal/handler/middleware.go:76.3,79.17 4 0
project/internal/handler/middleware.go:79.17,80.42 1 0
project/internal/handler/middleware.go:80.42,82.5 1 0
project/internal/handler/middleware.go:82.10,86.5 3 0
project/internal/handler/middleware.go:88.3,88.17 1 0
project/internal/handler/middleware.go:88.17,89.36 1 0
project/internal/handler/middleware.go:89.36,93.5 3 0
project/internal/handler/middleware.go:93.10,99.52 5 0
project/internal/handler/middleware.go:99.52,102.59 3 0
project/internal/handler/middleware.go:102.59,106.7 3 0
project/internal/handler/middleware.go:109.5,110.11 2 0
project/internal/handler/middleware.go:112.9,113.38 1 0
project/internal/handler/middleware.go:113.38,117.5 3 0
project/internal/handler/middleware.go:119.3,120.9 2 0
project/internal/handler/middleware.go:129.49,132.2 2 0
project/internal/handler/middleware.go:133.73,135.9 2 0
project/internal/handler/middleware.go:135.9,137.3 1 0
project/internal/handler/middleware.go:138.2,138.20 1 0
project/internal/handler/middleware.go:140.88,141.46 1 0
project/internal/handler/middleware.go:141.46,142.72 1 0
project/internal/handler/middleware.go:142.72,161.4 9 0
project/internal/handler/post.go:18.68,22.2 1 0
project/internal/handler/post.go:49.78,51.76 2 0
project/internal/handler/post.go:51.76,55.3 3 0
project/internal/handler/post.go:57.2,58.16 2 0
project/internal/handler/post.go:58.16,61.3 2 0
project/internal/handler/post.go:63.2,63.60 1 0
project/internal/handler/post.go:63.60,65.3 1 0
project/internal/handler/post.go:80.72,83.16 3 0
project/internal/handler/post.go:83.16,87.3 3 0
project/internal/handler/post.go:89.2,90.16 2 0
project/internal/handler/post.go:90.16,93.3 2 0
project/internal/handler/post.go:95.2,95.59 1 0
project/internal/handler/post.go:95.59,97.3 1 0
project/internal/handler/post.go:115.75,117.16 2 0
project/internal/handler/post.go:117.16,121.3 3 0
project/internal/handler/post.go:123.2,124.16 2 0
project/internal/handler/post.go:124.16,128.3 3 0
project/internal/handler/post.go:130.2,131.9 2 0
project/internal/handler/post.go:131.9,135.3 3 0
project/internal/handler/post.go:137.2,138.64 2 0
project/internal/handler/post.go:138.64,140.3 1 0
project/internal/handler/post.go:141.2,141.54 1 0
project/internal/handler/post.go:141.54,143.3 1 0
project/internal/handler/post.go:145.2,146.16 2 0
project/internal/handler/post.go:146.16,149.3 2 0
project/internal/handler/post.go:151.2,152.84 2 0
project/internal/handler/post.go:173.75,176.16 3 0
project/internal/handler/post.go:176.16,180.3 3 0
project/internal/handler/post.go:182.2,183.16 2 0
project/internal/handler/post.go:183.16,187.3 3 0
project/internal/handler/post.go:189.2,190.16 2 0
project/internal/handler/post.go:190.16,194.3 3 0
project/internal/handler/post.go:196.2,197.9 2 0
project/internal/handler/post.go:197.9,201.3 3 0
project/internal/handler/post.go:203.2,204.64 2 0
project/internal/handler/post.go:204.64,206.3 1 0
project/internal/handler/post.go:207.2,207.54 1 0
project/internal/handler/post.go:207.54,209.3 1 0
project/internal/handler/post.go:211.2,212.16 2 0
project/internal/handler/post.go:212.16,215.3 2 0
project/internal/handler/post.go:217.2,217.65 1 0
project/internal/handler/post.go:235.75,238.16 3 0
project/internal/handler/post.go:238.16,242.3 3 0
project/internal/handler/post.go:244.2,245.9 2 0
project/internal/handler/post.go:245.9,249.3 3 0
project/internal/handler/post.go:251.2,252.16 2 0
project/internal/handler/post.go:252.16,255.3 2 0
project/internal/handler/post.go:257.2,257.65 1 0
project/internal/handler/post.go:274.77,277.16 3 0
project/internal/handler/post.go:277.16,281.3 3 0
project/internal/handler/post.go:283.2,284.76 2 0
project/internal/handler/post.go:284.76,288.3 3 0
project/internal/handler/post.go:290.2,291.16 2 0
project/internal/handler/post.go:291.16,294.3 2 0
project/internal/handler/post.go:296.2,296.60 1 0
project/internal/handler/post.go:296.60,298.3 1 0
project/internal/handler/profile.go:18.78,22.2 1 0
project/internal/handler/profile.go:38.82,40.16 2 0
project/internal/handler/profile.go:40.16,44.3 3 0
project/internal/handler/profile.go:46.2,47.23 2 0
project/internal/handler/profile.go:47.23,51.3 3 0
project/internal/handler/profile.go:53.2,54.85 2 0
project/internal/handler/profile.go:54.85,58.3 3 0
project/internal/handler/profile.go:60.2,64.16 4 0
project/internal/handler/profile.go:64.16,67.3 2 0
project/internal/handler/profile.go:69.2,70.70 2 0
project/internal/handler/profile.go:86.81,89.16 2 0
project/internal/handler/profile.go:89.16,93.3 3 0
project/internal/handler/profile.go:95.2,100.16 4 0
project/internal/handler/profile.go:100.16,103.3 2 0
project/internal/handler/profile.go:105.2,106.69 2 0
project/internal/handler/profile.go:122.81,124.16 2 0
project/internal/handler/profile.go:124.16,128.3 3 0
project/internal/handler/profile.go:130.2,134.16 4 0
project/internal/handler/profile.go:134.16,137.3 2 0
project/internal/handler/profile.go:139.2,140.69 2 0
project/internal/handler/profile.go:155.87,159.16 4 0
project/internal/handler/profile.go:159.16,163.3 3 0
project/internal/handler/profile.go:165.2,166.16 2 0
project/internal/handler/profile.go:166.16,168.3 1 0
project/internal/handler/profile.go:170.2,171.16 2 0
project/internal/handler/profile.go:171.16,173.3 1 0
project/internal/handler/serveWs.go:15.50,19.2 1 0
project/internal/handler/serveWs.go:24.42,26.3 1 0
project/internal/handler/serveWs.go:39.71,41.16 2 0
project/internal/handler/serveWs.go:41.16,44.3 2 0
project/internal/handler/serveWs.go:46.2,47.48 2 0
project/internal/handler/test_utils.go:29.75,32.24 2 1
project/internal/handler/test_utils.go:32.24,36.3 3 0
project/internal/handler/test_utils.go:36.8,38.3 1 1
project/internal/handler/test_utils.go:41.2,41.24 1 1
project/internal/handler/test_utils.go:41.24,43.3 1 1
project/internal/handler/test_utils.go:46.2,51.42 4 1
project/internal/handler/test_utils.go:51.42,55.3 2 1
project/internal/handler/test_utils.go:57.2,60.30 2 1
project/internal/handler/test_utils.go:60.30,62.3 1 0
project/internal/handler/test_utils.go:62.8,62.31 1 1
project/internal/handler/test_utils.go:62.31,64.3 1 0
project/internal/handler/test_utils.go:66.2,66.12 1 1
project/internal/handler/uploads.go:10.67,12.37 1 0
project/internal/handler/uploads.go:12.37,14.3 1 0
project/internal/handler/uploads.go:16.2,17.16 2 0
project/internal/handler/uploads.go:17.16,18.45 1 0
project/internal/handler/uploads.go:21.2,21.71 1 0
project/internal/handler/uploads.go:21.71,23.17 2 0
project/internal/handler/uploads.go:23.17,26.4 2 0
project/internal/handler/uploads.go:28.3,28.34 1 0
